<!DOCTYPE html>

<html>
  <head>
  <meta charset='utf-8'>
  <title>TestNG reports</title>

    <link type="text/css" href="testng-reports1.css" rel="stylesheet" id="ultra" />
    <link type="text/css" href="testng-reports.css" rel="stylesheet" id="retro" disabled="false"/>
    <script type="text/javascript" src="jquery-3.4.1.min.js"></script>
    <script type="text/javascript" src="testng-reports.js"></script>
    <script type="text/javascript" src="https://www.google.com/jsapi"></script>
    <script type='text/javascript'>
      google.load('visualization', '1', {packages:['table']});
      google.setOnLoadCallback(drawTable);
      var suiteTableInitFunctions = new Array();
      var suiteTableData = new Array();
    </script>
    <!--
      <script type="text/javascript" src="jquery-ui/js/jquery-ui-1.8.16.custom.min.js"></script>
     -->
  </head>

  <body>
    <div class="top-banner-root">
      <span class="top-banner-title-font">Test results</span>
      <button id="button" class="button">Switch Retro Theme</button> <!-- button -->
      <br/>
      <span class="top-banner-font-1">1 suite, 6 failed tests</span>
    </div> <!-- top-banner-root -->
    <div class="navigator-root">
      <div class="navigator-suite-header">
        <span>All suites</span>
        <a href="#" title="Collapse/expand all the suites" class="collapse-all-link">
          <img src="collapseall.gif" class="collapse-all-icon">
          </img> <!-- collapse-all-icon -->
        </a> <!-- collapse-all-link -->
      </div> <!-- navigator-suite-header -->
      <div class="suite">
        <div class="rounded-window">
          <div class="suite-header light-rounded-window-top">
            <a href="#" panel-name="suite-testing_list_product" class="navigator-link">
              <span class="suite-name border-failed">testing list product</span>
            </a> <!-- navigator-link -->
          </div> <!-- suite-header light-rounded-window-top -->
          <div class="navigator-suite-content">
            <div class="suite-section-title">
              <span>Info</span>
            </div> <!-- suite-section-title -->
            <div class="suite-section-content">
              <ul>
                <li>
                  <a href="#" panel-name="test-xml-testing_list_product" class="navigator-link ">
                    <span>D:\Workspace\eclipse-workspace\DienmayXANH\DienMayXanh\testng.xml</span>
                  </a> <!-- navigator-link  -->
                </li>
                <li>
                  <a href="#" panel-name="testlist-testing_list_product" class="navigator-link ">
                    <span class="test-stats">2 tests</span>
                  </a> <!-- navigator-link  -->
                </li>
                <li>
                  <a href="#" panel-name="group-testing_list_product" class="navigator-link ">
                    <span>0 groups</span>
                  </a> <!-- navigator-link  -->
                </li>
                <li>
                  <a href="#" panel-name="times-testing_list_product" class="navigator-link ">
                    <span>Times</span>
                  </a> <!-- navigator-link  -->
                </li>
                <li>
                  <a href="#" panel-name="reporter-testing_list_product" class="navigator-link ">
                    <span>Reporter output</span>
                  </a> <!-- navigator-link  -->
                </li>
                <li>
                  <a href="#" panel-name="ignored-methods-testing_list_product" class="navigator-link ">
                    <span>Ignored methods</span>
                  </a> <!-- navigator-link  -->
                </li>
                <li>
                  <a href="#" panel-name="chronological-testing_list_product" class="navigator-link ">
                    <span>Chronological view</span>
                  </a> <!-- navigator-link  -->
                </li>
              </ul>
            </div> <!-- suite-section-content -->
            <div class="result-section">
              <div class="suite-section-title">
                <span>Results</span>
              </div> <!-- suite-section-title -->
              <div class="suite-section-content">
                <ul>
                  <li>
                    <span class="method-stats">8 methods, 6 failed,   2 passed</span>
                  </li>
                  <li>
                    <span class="method-list-title failed">Failed methods</span>
                    <span class="show-or-hide-methods failed">
                      <a href="#" panel-name="suite-testing_list_product" class="hide-methods failed suite-testing_list_product"> (hide)</a> <!-- hide-methods failed suite-testing_list_product -->
                      <a href="#" panel-name="suite-testing_list_product" class="show-methods failed suite-testing_list_product"> (show)</a> <!-- show-methods failed suite-testing_list_product -->
                    </span>
                    <div class="method-list-content failed suite-testing_list_product">
                      <span>
                        <img src="failed.png" width="3%"/>
                        <a href="#" panel-name="suite-testing_list_product" title="com.dienmayxanh.test.Comment" class="method navigator-link" hash-for-method="testContentCommentIsLessThan10Characters">testContentCommentIsLessThan10Characters</a> <!-- method navigator-link -->
                      </span>
                      <br/>
                      <span>
                        <img src="failed.png" width="3%"/>
                        <a href="#" panel-name="suite-testing_list_product" title="com.dienmayxanh.test.Comment" class="method navigator-link" hash-for-method="testOnlySpaceCommentContent">testOnlySpaceCommentContent</a> <!-- method navigator-link -->
                      </span>
                      <br/>
                      <span>
                        <img src="failed.png" width="3%"/>
                        <a href="#" panel-name="suite-testing_list_product" title="com.dienmayxanh.test.Comment" class="method navigator-link" hash-for-method="testOnlySpaceName">testOnlySpaceName</a> <!-- method navigator-link -->
                      </span>
                      <br/>
                      <span>
                        <img src="failed.png" width="3%"/>
                        <a href="#" panel-name="suite-testing_list_product" title="com.dienmayxanh.test.ViewListProducts" class="method navigator-link" hash-for-method="testQuantity">testQuantity</a> <!-- method navigator-link -->
                      </span>
                      <br/>
                      <span>
                        <img src="failed.png" width="3%"/>
                        <a href="#" panel-name="suite-testing_list_product" title="com.dienmayxanh.test.ViewListProducts" class="method navigator-link" hash-for-method="testViewWithSortPriceAscending">testViewWithSortPriceAscending</a> <!-- method navigator-link -->
                      </span>
                      <br/>
                      <span>
                        <img src="failed.png" width="3%"/>
                        <a href="#" panel-name="suite-testing_list_product" title="com.dienmayxanh.test.Comment" class="method navigator-link" hash-for-method="testWithoutName">testWithoutName</a> <!-- method navigator-link -->
                      </span>
                      <br/>
                    </div> <!-- method-list-content failed suite-testing_list_product -->
                  </li>
                  <li>
                    <span class="method-list-title passed">Passed methods</span>
                    <span class="show-or-hide-methods passed">
                      <a href="#" panel-name="suite-testing_list_product" class="hide-methods passed suite-testing_list_product"> (hide)</a> <!-- hide-methods passed suite-testing_list_product -->
                      <a href="#" panel-name="suite-testing_list_product" class="show-methods passed suite-testing_list_product"> (show)</a> <!-- show-methods passed suite-testing_list_product -->
                    </span>
                    <div class="method-list-content passed suite-testing_list_product">
                      <span>
                        <img src="passed.png" width="3%"/>
                        <a href="#" panel-name="suite-testing_list_product" title="com.dienmayxanh.test.ViewListProducts" class="method navigator-link" hash-for-method="testViewWithSortPriceDescending">testViewWithSortPriceDescending</a> <!-- method navigator-link -->
                      </span>
                      <br/>
                      <span>
                        <img src="passed.png" width="3%"/>
                        <a href="#" panel-name="suite-testing_list_product" title="com.dienmayxanh.test.Comment" class="method navigator-link" hash-for-method="testWithoutCommentContent">testWithoutCommentContent</a> <!-- method navigator-link -->
                      </span>
                      <br/>
                    </div> <!-- method-list-content passed suite-testing_list_product -->
                  </li>
                </ul>
              </div> <!-- suite-section-content -->
            </div> <!-- result-section -->
          </div> <!-- navigator-suite-content -->
        </div> <!-- rounded-window -->
      </div> <!-- suite -->
    </div> <!-- navigator-root -->
    <div class="wrapper">
      <div class="main-panel-root">
        <div panel-name="suite-testing_list_product" class="panel testing_list_product">
          <div class="suite-testing_list_product-class-failed">
            <div class="main-panel-header rounded-window-top">
              <img src="failed.png"/>
              <span class="class-name">com.dienmayxanh.test.Comment</span>
            </div> <!-- main-panel-header rounded-window-top -->
            <div class="main-panel-content rounded-window-bottom">
              <div class="method">
                <div class="method-content">
                  <a name="testContentCommentIsLessThan10Characters">
                  </a> <!-- testContentCommentIsLessThan10Characters -->
                  <span class="method-name">testContentCommentIsLessThan10Characters</span>
                  <div class="stack-trace">org.openqa.selenium.TimeoutException: Expected condition failed: waiting for alert to be present (tried for 10 second(s) with 500 milliseconds interval)
Build info: version: &apos;3.141.59&apos;, revision: &apos;e82be7d358&apos;, time: &apos;2018-11-14T08:25:48&apos;
System info: host: &apos;DESKTOP-IRHMPCR&apos;, ip: &apos;10.9.80.92&apos;, os.name: &apos;Windows 10&apos;, os.arch: &apos;amd64&apos;, os.version: &apos;10.0&apos;, java.version: &apos;14.0.2&apos;
Driver info: org.openqa.selenium.chrome.ChromeDriver
Capabilities {acceptInsecureCerts: false, browserName: chrome, browserVersion: 87.0.4280.88, chrome: {chromedriverVersion: 87.0.4280.88 (89e2380a3e36c..., userDataDir: C:\Users\GIAPHU~1\AppData\L...}, goog:chromeOptions: {debuggerAddress: localhost:61584}, javascriptEnabled: true, networkConnectionEnabled: false, pageLoadStrategy: normal, platform: WINDOWS, platformName: WINDOWS, proxy: Proxy(), setWindowRect: true, strictFileInteractability: false, timeouts: {implicit: 0, pageLoad: 300000, script: 30000}, unhandledPromptBehavior: dismiss and notify, webauthn:virtualAuthenticators: true}
Session ID: 25e93122e47eeccee8771ab6bdadc822
	at org.openqa.selenium.support.ui.WebDriverWait.timeoutException(WebDriverWait.java:95)
	at org.openqa.selenium.support.ui.FluentWait.until(FluentWait.java:272)
	at com.dienmayxanh.test.Comment.waitForAlert(Comment.java:283)
	at com.dienmayxanh.test.Comment.getAlertMessage(Comment.java:275)
	at com.dienmayxanh.test.Comment.testContentCommentIsLessThan10Characters(Comment.java:203)
	at java.base/java.util.ArrayList.forEach(ArrayList.java:1511)
... Removed 27 stack frames
</div> <!-- stack-trace -->
                </div> <!-- method-content -->
              </div> <!-- method -->
              <div class="method">
                <div class="method-content">
                  <a name="testOnlySpaceCommentContent">
                  </a> <!-- testOnlySpaceCommentContent -->
                  <span class="method-name">testOnlySpaceCommentContent</span>
                  <div class="stack-trace">org.openqa.selenium.UnhandledAlertException: unexpected alert open: {Alert text : Vui lòng nhập họ tên.}
  (Session info: chrome=87.0.4280.88): Vui lòng nhập họ tên.
Build info: version: &apos;3.141.59&apos;, revision: &apos;e82be7d358&apos;, time: &apos;2018-11-14T08:25:48&apos;
System info: host: &apos;DESKTOP-IRHMPCR&apos;, ip: &apos;10.9.80.92&apos;, os.name: &apos;Windows 10&apos;, os.arch: &apos;amd64&apos;, os.version: &apos;10.0&apos;, java.version: &apos;14.0.2&apos;
Driver info: org.openqa.selenium.chrome.ChromeDriver
Capabilities {acceptInsecureCerts: false, browserName: chrome, browserVersion: 87.0.4280.88, chrome: {chromedriverVersion: 87.0.4280.88 (89e2380a3e36c..., userDataDir: C:\Users\GIAPHU~1\AppData\L...}, goog:chromeOptions: {debuggerAddress: localhost:61272}, javascriptEnabled: true, networkConnectionEnabled: false, pageLoadStrategy: normal, platform: WINDOWS, platformName: WINDOWS, proxy: Proxy(), setWindowRect: true, strictFileInteractability: false, timeouts: {implicit: 0, pageLoad: 300000, script: 30000}, unhandledPromptBehavior: dismiss and notify, webauthn:virtualAuthenticators: true}
Session ID: 0ac876d085c0afc0b0eb21a58833e312
*** Element info: {Using=id, value=content}
	at org.openqa.selenium.remote.http.W3CHttpResponseCodec.decode(W3CHttpResponseCodec.java:120)
	at org.openqa.selenium.remote.http.W3CHttpResponseCodec.decode(W3CHttpResponseCodec.java:49)
	at org.openqa.selenium.remote.HttpCommandExecutor.execute(HttpCommandExecutor.java:158)
	at org.openqa.selenium.remote.service.DriverCommandExecutor.execute(DriverCommandExecutor.java:83)
	at org.openqa.selenium.remote.RemoteWebDriver.execute(RemoteWebDriver.java:552)
	at org.openqa.selenium.remote.RemoteWebDriver.findElement(RemoteWebDriver.java:323)
	at org.openqa.selenium.remote.RemoteWebDriver.findElementById(RemoteWebDriver.java:372)
	at org.openqa.selenium.By$ById.findElement(By.java:188)
	at org.openqa.selenium.remote.RemoteWebDriver.findElement(RemoteWebDriver.java:315)
	at com.dienmayxanh.test.Comment$1.apply(Comment.java:290)
	at com.dienmayxanh.test.Comment$1.apply(Comment.java:1)
	at org.openqa.selenium.support.ui.FluentWait.until(FluentWait.java:249)
	at com.dienmayxanh.test.Comment.waitForTextElement(Comment.java:288)
	at com.dienmayxanh.test.Comment.getErrorTextCommentContent(Comment.java:268)
	at com.dienmayxanh.test.Comment.testOnlySpaceCommentContent(Comment.java:95)
	at java.base/java.util.ArrayList.forEach(ArrayList.java:1511)
... Removed 27 stack frames
</div> <!-- stack-trace -->
                </div> <!-- method-content -->
              </div> <!-- method -->
              <div class="method">
                <div class="method-content">
                  <a name="testOnlySpaceName">
                  </a> <!-- testOnlySpaceName -->
                  <span class="method-name">testOnlySpaceName</span>
                  <div class="stack-trace">org.openqa.selenium.TimeoutException: Expected condition failed: waiting for alert to be present (tried for 10 second(s) with 500 milliseconds interval)
Build info: version: &apos;3.141.59&apos;, revision: &apos;e82be7d358&apos;, time: &apos;2018-11-14T08:25:48&apos;
System info: host: &apos;DESKTOP-IRHMPCR&apos;, ip: &apos;10.9.80.92&apos;, os.name: &apos;Windows 10&apos;, os.arch: &apos;amd64&apos;, os.version: &apos;10.0&apos;, java.version: &apos;14.0.2&apos;
Driver info: org.openqa.selenium.chrome.ChromeDriver
Capabilities {acceptInsecureCerts: false, browserName: chrome, browserVersion: 87.0.4280.88, chrome: {chromedriverVersion: 87.0.4280.88 (89e2380a3e36c..., userDataDir: C:\Users\GIAPHU~1\AppData\L...}, goog:chromeOptions: {debuggerAddress: localhost:61470}, javascriptEnabled: true, networkConnectionEnabled: false, pageLoadStrategy: normal, platform: WINDOWS, platformName: WINDOWS, proxy: Proxy(), setWindowRect: true, strictFileInteractability: false, timeouts: {implicit: 0, pageLoad: 300000, script: 30000}, unhandledPromptBehavior: dismiss and notify, webauthn:virtualAuthenticators: true}
Session ID: 1dfaf2e95d625185e1ec81cde26ed39f
	at org.openqa.selenium.support.ui.WebDriverWait.timeoutException(WebDriverWait.java:95)
	at org.openqa.selenium.support.ui.FluentWait.until(FluentWait.java:272)
	at com.dienmayxanh.test.Comment.waitForAlert(Comment.java:283)
	at com.dienmayxanh.test.Comment.getAlertMessage(Comment.java:275)
	at com.dienmayxanh.test.Comment.testOnlySpaceName(Comment.java:166)
	at java.base/java.util.ArrayList.forEach(ArrayList.java:1511)
... Removed 27 stack frames
</div> <!-- stack-trace -->
                </div> <!-- method-content -->
              </div> <!-- method -->
              <div class="method">
                <div class="method-content">
                  <a name="testWithoutName">
                  </a> <!-- testWithoutName -->
                  <span class="method-name">testWithoutName</span>
                  <div class="stack-trace">org.openqa.selenium.TimeoutException: Expected condition failed: waiting for alert to be present (tried for 10 second(s) with 500 milliseconds interval)
Build info: version: &apos;3.141.59&apos;, revision: &apos;e82be7d358&apos;, time: &apos;2018-11-14T08:25:48&apos;
System info: host: &apos;DESKTOP-IRHMPCR&apos;, ip: &apos;10.9.80.92&apos;, os.name: &apos;Windows 10&apos;, os.arch: &apos;amd64&apos;, os.version: &apos;10.0&apos;, java.version: &apos;14.0.2&apos;
Driver info: org.openqa.selenium.chrome.ChromeDriver
Capabilities {acceptInsecureCerts: false, browserName: chrome, browserVersion: 87.0.4280.88, chrome: {chromedriverVersion: 87.0.4280.88 (89e2380a3e36c..., userDataDir: C:\Users\GIAPHU~1\AppData\L...}, goog:chromeOptions: {debuggerAddress: localhost:61367}, javascriptEnabled: true, networkConnectionEnabled: false, pageLoadStrategy: normal, platform: WINDOWS, platformName: WINDOWS, proxy: Proxy(), setWindowRect: true, strictFileInteractability: false, timeouts: {implicit: 0, pageLoad: 300000, script: 30000}, unhandledPromptBehavior: dismiss and notify, webauthn:virtualAuthenticators: true}
Session ID: b0a17758ce831efc017cc7fe7b32e2e2
	at org.openqa.selenium.support.ui.WebDriverWait.timeoutException(WebDriverWait.java:95)
	at org.openqa.selenium.support.ui.FluentWait.until(FluentWait.java:272)
	at com.dienmayxanh.test.Comment.waitForAlert(Comment.java:283)
	at com.dienmayxanh.test.Comment.getAlertMessage(Comment.java:275)
	at com.dienmayxanh.test.Comment.testWithoutName(Comment.java:130)
	at java.base/java.util.ArrayList.forEach(ArrayList.java:1511)
... Removed 27 stack frames
</div> <!-- stack-trace -->
                </div> <!-- method-content -->
              </div> <!-- method -->
            </div> <!-- main-panel-content rounded-window-bottom -->
          </div> <!-- suite-testing_list_product-class-failed -->
          <div class="suite-testing_list_product-class-failed">
            <div class="main-panel-header rounded-window-top">
              <img src="failed.png"/>
              <span class="class-name">com.dienmayxanh.test.ViewListProducts</span>
            </div> <!-- main-panel-header rounded-window-top -->
            <div class="main-panel-content rounded-window-bottom">
              <div class="method">
                <div class="method-content">
                  <a name="testQuantity">
                  </a> <!-- testQuantity -->
                  <span class="method-name">testQuantity</span>
                  <div class="stack-trace">org.openqa.selenium.ElementNotInteractableException: element not interactable
  (Session info: chrome=87.0.4280.88)
Build info: version: &apos;3.141.59&apos;, revision: &apos;e82be7d358&apos;, time: &apos;2018-11-14T08:25:48&apos;
System info: host: &apos;DESKTOP-IRHMPCR&apos;, ip: &apos;10.9.80.92&apos;, os.name: &apos;Windows 10&apos;, os.arch: &apos;amd64&apos;, os.version: &apos;10.0&apos;, java.version: &apos;14.0.2&apos;
Driver info: org.openqa.selenium.chrome.ChromeDriver
Capabilities {acceptInsecureCerts: false, browserName: chrome, browserVersion: 87.0.4280.88, chrome: {chromedriverVersion: 87.0.4280.88 (89e2380a3e36c..., userDataDir: C:\Users\GIAPHU~1\AppData\L...}, goog:chromeOptions: {debuggerAddress: localhost:61120}, javascriptEnabled: true, networkConnectionEnabled: false, pageLoadStrategy: normal, platform: WINDOWS, platformName: WINDOWS, proxy: Proxy(), setWindowRect: true, strictFileInteractability: false, timeouts: {implicit: 0, pageLoad: 300000, script: 30000}, unhandledPromptBehavior: dismiss and notify, webauthn:virtualAuthenticators: true}
Session ID: ab147e0598c6784833917914e29d2879
	at org.openqa.selenium.remote.http.W3CHttpResponseCodec.createException(W3CHttpResponseCodec.java:187)
	at org.openqa.selenium.remote.http.W3CHttpResponseCodec.decode(W3CHttpResponseCodec.java:122)
	at org.openqa.selenium.remote.http.W3CHttpResponseCodec.decode(W3CHttpResponseCodec.java:49)
	at org.openqa.selenium.remote.HttpCommandExecutor.execute(HttpCommandExecutor.java:158)
	at org.openqa.selenium.remote.service.DriverCommandExecutor.execute(DriverCommandExecutor.java:83)
	at org.openqa.selenium.remote.RemoteWebDriver.execute(RemoteWebDriver.java:552)
	at org.openqa.selenium.remote.RemoteWebElement.execute(RemoteWebElement.java:285)
	at org.openqa.selenium.remote.RemoteWebElement.click(RemoteWebElement.java:84)
	at com.dienmayxanh.test.ViewListProducts.chooseCategory(ViewListProducts.java:348)
	at com.dienmayxanh.test.ViewListProducts.testQuantity(ViewListProducts.java:161)
	at java.base/java.util.ArrayList.forEach(ArrayList.java:1511)
... Removed 32 stack frames
</div> <!-- stack-trace -->
                </div> <!-- method-content -->
              </div> <!-- method -->
              <div class="method">
                <div class="method-content">
                  <a name="testViewWithSortPriceAscending">
                  </a> <!-- testViewWithSortPriceAscending -->
                  <span class="method-name">testViewWithSortPriceAscending</span>
                  <div class="stack-trace">org.openqa.selenium.ElementNotInteractableException: element not interactable
  (Session info: chrome=87.0.4280.88)
Build info: version: &apos;3.141.59&apos;, revision: &apos;e82be7d358&apos;, time: &apos;2018-11-14T08:25:48&apos;
System info: host: &apos;DESKTOP-IRHMPCR&apos;, ip: &apos;10.9.80.92&apos;, os.name: &apos;Windows 10&apos;, os.arch: &apos;amd64&apos;, os.version: &apos;10.0&apos;, java.version: &apos;14.0.2&apos;
Driver info: org.openqa.selenium.chrome.ChromeDriver
Capabilities {acceptInsecureCerts: false, browserName: chrome, browserVersion: 87.0.4280.88, chrome: {chromedriverVersion: 87.0.4280.88 (89e2380a3e36c..., userDataDir: C:\Users\GIAPHU~1\AppData\L...}, goog:chromeOptions: {debuggerAddress: localhost:61043}, javascriptEnabled: true, networkConnectionEnabled: false, pageLoadStrategy: normal, platform: WINDOWS, platformName: WINDOWS, proxy: Proxy(), setWindowRect: true, strictFileInteractability: false, timeouts: {implicit: 0, pageLoad: 300000, script: 30000}, unhandledPromptBehavior: dismiss and notify, webauthn:virtualAuthenticators: true}
Session ID: 0a4dfb84c1a949fdba2b69fbbd082bcc
	at org.openqa.selenium.remote.http.W3CHttpResponseCodec.createException(W3CHttpResponseCodec.java:187)
	at org.openqa.selenium.remote.http.W3CHttpResponseCodec.decode(W3CHttpResponseCodec.java:122)
	at org.openqa.selenium.remote.http.W3CHttpResponseCodec.decode(W3CHttpResponseCodec.java:49)
	at org.openqa.selenium.remote.HttpCommandExecutor.execute(HttpCommandExecutor.java:158)
	at org.openqa.selenium.remote.service.DriverCommandExecutor.execute(DriverCommandExecutor.java:83)
	at org.openqa.selenium.remote.RemoteWebDriver.execute(RemoteWebDriver.java:552)
	at org.openqa.selenium.remote.RemoteWebElement.execute(RemoteWebElement.java:285)
	at org.openqa.selenium.remote.RemoteWebElement.click(RemoteWebElement.java:84)
	at com.dienmayxanh.test.ViewListProducts.chooseCategory(ViewListProducts.java:348)
	at com.dienmayxanh.test.ViewListProducts.testViewWithSortPriceAscending(ViewListProducts.java:127)
	at java.base/java.util.ArrayList.forEach(ArrayList.java:1511)
... Removed 32 stack frames
</div> <!-- stack-trace -->
                </div> <!-- method-content -->
              </div> <!-- method -->
            </div> <!-- main-panel-content rounded-window-bottom -->
          </div> <!-- suite-testing_list_product-class-failed -->
          <div class="suite-testing_list_product-class-passed">
            <div class="main-panel-header rounded-window-top">
              <img src="passed.png"/>
              <span class="class-name">com.dienmayxanh.test.Comment</span>
            </div> <!-- main-panel-header rounded-window-top -->
            <div class="main-panel-content rounded-window-bottom">
              <div class="method">
                <div class="method-content">
                  <a name="testWithoutCommentContent">
                  </a> <!-- testWithoutCommentContent -->
                  <span class="method-name">testWithoutCommentContent</span>
                </div> <!-- method-content -->
              </div> <!-- method -->
            </div> <!-- main-panel-content rounded-window-bottom -->
          </div> <!-- suite-testing_list_product-class-passed -->
          <div class="suite-testing_list_product-class-passed">
            <div class="main-panel-header rounded-window-top">
              <img src="passed.png"/>
              <span class="class-name">com.dienmayxanh.test.ViewListProducts</span>
            </div> <!-- main-panel-header rounded-window-top -->
            <div class="main-panel-content rounded-window-bottom">
              <div class="method">
                <div class="method-content">
                  <a name="testViewWithSortPriceDescending">
                  </a> <!-- testViewWithSortPriceDescending -->
                  <span class="method-name">testViewWithSortPriceDescending</span>
                </div> <!-- method-content -->
              </div> <!-- method -->
            </div> <!-- main-panel-content rounded-window-bottom -->
          </div> <!-- suite-testing_list_product-class-passed -->
        </div> <!-- panel testing_list_product -->
        <div panel-name="test-xml-testing_list_product" class="panel">
          <div class="main-panel-header rounded-window-top">
            <span class="header-content">D:\Workspace\eclipse-workspace\DienmayXANH\DienMayXanh\testng.xml</span>
          </div> <!-- main-panel-header rounded-window-top -->
          <div class="main-panel-content rounded-window-bottom">
            <pre>
&lt;?xml version=&quot;1.0&quot; encoding=&quot;UTF-8&quot;?&gt;
&lt;!DOCTYPE suite SYSTEM &quot;https://testng.org/testng-1.0.dtd&quot;&gt;
&lt;suite name=&quot;testing list product&quot; guice-stage=&quot;DEVELOPMENT&quot;&gt;
  &lt;parameter name=&quot;SheetName&quot; value=&quot;Test Case&quot;/&gt;
  &lt;parameter name=&quot;url&quot; value=&quot;https://www.dienmayxanh.com/&quot;/&gt;
  &lt;listeners&gt;
    &lt;listener class-name=&quot;com.dienmayxanh.listener.ListenerTest&quot;/&gt;
  &lt;/listeners&gt;
  &lt;test thread-count=&quot;5&quot; name=&quot;test view list products&quot;&gt;
    &lt;parameter name=&quot;testCaseName&quot; value=&quot;ViewListProducts&quot;/&gt;
    &lt;classes&gt;
      &lt;class name=&quot;com.dienmayxanh.test.ViewListProducts&quot;&gt;
        &lt;methods&gt;
          &lt;include name=&quot;testViewWithSortPriceDescending&quot;/&gt;
          &lt;include name=&quot;testViewWithSortPriceAscending&quot;/&gt;
          &lt;include name=&quot;testQuantity&quot;/&gt;
        &lt;/methods&gt;
      &lt;/class&gt; &lt;!-- com.dienmayxanh.test.ViewListProducts --&gt;
    &lt;/classes&gt;
  &lt;/test&gt; &lt;!-- test view list products --&gt;
  &lt;test thread-count=&quot;5&quot; name=&quot;test comment&quot;&gt;
    &lt;parameter name=&quot;testCaseName&quot; value=&quot;Comment&quot;/&gt;
    &lt;classes&gt;
      &lt;class name=&quot;com.dienmayxanh.test.Comment&quot;/&gt;
    &lt;/classes&gt;
  &lt;/test&gt; &lt;!-- test comment --&gt;
&lt;/suite&gt; &lt;!-- testing list product --&gt;
            </pre>
          </div> <!-- main-panel-content rounded-window-bottom -->
        </div> <!-- panel -->
        <div panel-name="testlist-testing_list_product" class="panel">
          <div class="main-panel-header rounded-window-top">
            <span class="header-content">Tests for testing list product</span>
          </div> <!-- main-panel-header rounded-window-top -->
          <div class="main-panel-content rounded-window-bottom">
            <ul>
              <li>
                <span class="test-name">test view list products (1 class)</span>
              </li>
              <li>
                <span class="test-name">test comment (1 class)</span>
              </li>
            </ul>
          </div> <!-- main-panel-content rounded-window-bottom -->
        </div> <!-- panel -->
        <div panel-name="group-testing_list_product" class="panel">
          <div class="main-panel-header rounded-window-top">
            <span class="header-content">Groups for testing list product</span>
          </div> <!-- main-panel-header rounded-window-top -->
          <div class="main-panel-content rounded-window-bottom">
          </div> <!-- main-panel-content rounded-window-bottom -->
        </div> <!-- panel -->
        <div panel-name="times-testing_list_product" class="panel">
          <div class="main-panel-header rounded-window-top">
            <span class="header-content">Times for testing list product</span>
          </div> <!-- main-panel-header rounded-window-top -->
          <div class="main-panel-content rounded-window-bottom">
            <div class="times-div">
              <script type="text/javascript">
suiteTableInitFunctions.push('tableData_testing_list_product');
function tableData_testing_list_product() {
var data = new google.visualization.DataTable();
data.addColumn('number', 'Number');
data.addColumn('string', 'Method');
data.addColumn('string', 'Class');
data.addColumn('number', 'Time (ms)');
data.addRows(8);
data.setCell(0, 0, 0)
data.setCell(0, 1, 'testViewWithSortPriceDescending')
data.setCell(0, 2, 'com.dienmayxanh.test.ViewListProducts')
data.setCell(0, 3, 29126);
data.setCell(1, 0, 1)
data.setCell(1, 1, 'testWithoutName')
data.setCell(1, 2, 'com.dienmayxanh.test.Comment')
data.setCell(1, 3, 19616);
data.setCell(2, 0, 2)
data.setCell(2, 1, 'testContentCommentIsLessThan10Characters')
data.setCell(2, 2, 'com.dienmayxanh.test.Comment')
data.setCell(2, 3, 19126);
data.setCell(3, 0, 3)
data.setCell(3, 1, 'testOnlySpaceName')
data.setCell(3, 2, 'com.dienmayxanh.test.Comment')
data.setCell(3, 3, 19100);
data.setCell(4, 0, 4)
data.setCell(4, 1, 'testOnlySpaceCommentContent')
data.setCell(4, 2, 'com.dienmayxanh.test.Comment')
data.setCell(4, 3, 9540);
data.setCell(5, 0, 5)
data.setCell(5, 1, 'testWithoutCommentContent')
data.setCell(5, 2, 'com.dienmayxanh.test.Comment')
data.setCell(5, 3, 9501);
data.setCell(6, 0, 6)
data.setCell(6, 1, 'testQuantity')
data.setCell(6, 2, 'com.dienmayxanh.test.ViewListProducts')
data.setCell(6, 3, 339);
data.setCell(7, 0, 7)
data.setCell(7, 1, 'testViewWithSortPriceAscending')
data.setCell(7, 2, 'com.dienmayxanh.test.ViewListProducts')
data.setCell(7, 3, 218);
window.suiteTableData['testing_list_product']= { tableData: data, tableDiv: 'times-div-testing_list_product'}
return data;
}
              </script>
              <span class="suite-total-time">Total running time: 1 minutes</span>
              <div id="times-div-testing_list_product">
              </div> <!-- times-div-testing_list_product -->
            </div> <!-- times-div -->
          </div> <!-- main-panel-content rounded-window-bottom -->
        </div> <!-- panel -->
        <div panel-name="reporter-testing_list_product" class="panel">
          <div class="main-panel-header rounded-window-top">
            <span class="header-content">Reporter output for testing list product</span>
          </div> <!-- main-panel-header rounded-window-top -->
          <div class="main-panel-content rounded-window-bottom">
          </div> <!-- main-panel-content rounded-window-bottom -->
        </div> <!-- panel -->
        <div panel-name="ignored-methods-testing_list_product" class="panel">
          <div class="main-panel-header rounded-window-top">
            <span class="header-content">2 ignored methods</span>
          </div> <!-- main-panel-header rounded-window-top -->
          <div class="main-panel-content rounded-window-bottom">
            <div class="ignored-class-div">
              <span class="ignored-class-name">com.dienmayxanh.test.ViewListProducts</span>
              <div class="ignored-methods-div">
                <span class="ignored-method-name">testShowAllProduct</span>
                <br/>
                <span class="ignored-method-name">testShowAllProductOfBrand</span>
                <br/>
              </div> <!-- ignored-methods-div -->
            </div> <!-- ignored-class-div -->
          </div> <!-- main-panel-content rounded-window-bottom -->
        </div> <!-- panel -->
        <div panel-name="chronological-testing_list_product" class="panel">
          <div class="main-panel-header rounded-window-top">
            <span class="header-content">Methods in chronological order</span>
          </div> <!-- main-panel-header rounded-window-top -->
          <div class="main-panel-content rounded-window-bottom">
            <div class="chronological-class">
              <div class="chronological-class-name">com.dienmayxanh.test.ViewListProducts</div> <!-- chronological-class-name -->
              <div class="configuration-class before">
                <span class="method-name">setExcel(ViewListProducts, Test Case)</span>
                <span class="method-start">0 ms</span>
              </div> <!-- configuration-class before -->
              <div class="configuration-method before">
                <span class="method-name">accessWebsite(https://www.dienmayxanh.com/, ViewListProducts, Test Case)</span>
                <span class="method-start">1445 ms</span>
              </div> <!-- configuration-method before -->
              <div class="test-method">
                <span class="method-name">testViewWithSortPriceDescending</span>
                <span class="method-start">11776 ms</span>
              </div> <!-- test-method -->
              <div class="configuration-method after">
                <span class="method-name">closeBrowser</span>
                <span class="method-start">41403 ms</span>
              </div> <!-- configuration-method after -->
              <div class="configuration-method before">
                <span class="method-name">accessWebsite(https://www.dienmayxanh.com/, ViewListProducts, Test Case)</span>
                <span class="method-start">41954 ms</span>
              </div> <!-- configuration-method before -->
              <div class="test-method">
                <img src="failed.png">
                </img>
                <span class="method-name">testViewWithSortPriceAscending</span>
                <span class="method-start">54304 ms</span>
              </div> <!-- test-method -->
              <div class="configuration-method after">
                <span class="method-name">closeBrowser</span>
                <span class="method-start">55739 ms</span>
              </div> <!-- configuration-method after -->
              <div class="configuration-method before">
                <span class="method-name">accessWebsite(https://www.dienmayxanh.com/, ViewListProducts, Test Case)</span>
                <span class="method-start">55936 ms</span>
              </div> <!-- configuration-method before -->
              <div class="test-method">
                <img src="failed.png">
                </img>
                <span class="method-name">testQuantity</span>
                <span class="method-start">68628 ms</span>
              </div> <!-- test-method -->
              <div class="configuration-method after">
                <span class="method-name">closeBrowser</span>
                <span class="method-start">70430 ms</span>
              </div> <!-- configuration-method after -->
              <div class="configuration-class after">
                <span class="method-name">saveAndCloseExcel</span>
                <span class="method-start">70687 ms</span>
              </div> <!-- configuration-class after -->
            </div> <!-- chronological-class -->
            <div class="chronological-class">
              <div class="chronological-class-name">com.dienmayxanh.test.Comment</div> <!-- chronological-class-name -->
              <div class="configuration-class before">
                <span class="method-name">setExcel(Comment, Test Case)</span>
                <span class="method-start">70815 ms</span>
              </div> <!-- configuration-class before -->
              <div class="configuration-method before">
                <span class="method-name">accessWebsite(https://www.dienmayxanh.com/, Comment, Test Case)</span>
                <span class="method-start">70850 ms</span>
              </div> <!-- configuration-method before -->
              <div class="configuration-method before">
                <span class="method-name">beforeMethod</span>
                <span class="method-start">80876 ms</span>
              </div> <!-- configuration-method before -->
              <div class="test-method">
                <span class="method-name">testWithoutCommentContent</span>
                <span class="method-start">83943 ms</span>
              </div> <!-- test-method -->
              <div class="configuration-method after">
                <span class="method-name">closeBrowser</span>
                <span class="method-start">93715 ms</span>
              </div> <!-- configuration-method after -->
              <div class="configuration-method before">
                <span class="method-name">accessWebsite(https://www.dienmayxanh.com/, Comment, Test Case)</span>
                <span class="method-start">93883 ms</span>
              </div> <!-- configuration-method before -->
              <div class="configuration-method before">
                <span class="method-name">beforeMethod</span>
                <span class="method-start">106476 ms</span>
              </div> <!-- configuration-method before -->
              <div class="test-method">
                <img src="failed.png">
                </img>
                <span class="method-name">testOnlySpaceCommentContent</span>
                <span class="method-start">108735 ms</span>
              </div> <!-- test-method -->
              <div class="configuration-method after">
                <span class="method-name">closeBrowser</span>
                <span class="method-start">118997 ms</span>
              </div> <!-- configuration-method after -->
              <div class="configuration-method before">
                <span class="method-name">accessWebsite(https://www.dienmayxanh.com/, Comment, Test Case)</span>
                <span class="method-start">119168 ms</span>
              </div> <!-- configuration-method before -->
              <div class="configuration-method before">
                <span class="method-name">beforeMethod</span>
                <span class="method-start">129611 ms</span>
              </div> <!-- configuration-method before -->
              <div class="test-method">
                <img src="failed.png">
                </img>
                <span class="method-name">testWithoutName</span>
                <span class="method-start">132954 ms</span>
              </div> <!-- test-method -->
              <div class="configuration-method after">
                <span class="method-name">closeBrowser</span>
                <span class="method-start">153319 ms</span>
              </div> <!-- configuration-method after -->
              <div class="configuration-method before">
                <span class="method-name">accessWebsite(https://www.dienmayxanh.com/, Comment, Test Case)</span>
                <span class="method-start">153474 ms</span>
              </div> <!-- configuration-method before -->
              <div class="configuration-method before">
                <span class="method-name">beforeMethod</span>
                <span class="method-start">166044 ms</span>
              </div> <!-- configuration-method before -->
              <div class="test-method">
                <img src="failed.png">
                </img>
                <span class="method-name">testOnlySpaceName</span>
                <span class="method-start">169120 ms</span>
              </div> <!-- test-method -->
              <div class="configuration-method after">
                <span class="method-name">closeBrowser</span>
                <span class="method-start">188939 ms</span>
              </div> <!-- configuration-method after -->
              <div class="configuration-method before">
                <span class="method-name">accessWebsite(https://www.dienmayxanh.com/, Comment, Test Case)</span>
                <span class="method-start">189080 ms</span>
              </div> <!-- configuration-method before -->
              <div class="configuration-method before">
                <span class="method-name">beforeMethod</span>
                <span class="method-start">201348 ms</span>
              </div> <!-- configuration-method before -->
              <div class="test-method">
                <img src="failed.png">
                </img>
                <span class="method-name">testContentCommentIsLessThan10Characters</span>
                <span class="method-start">204914 ms</span>
              </div> <!-- test-method -->
              <div class="configuration-method after">
                <span class="method-name">closeBrowser</span>
                <span class="method-start">224646 ms</span>
              </div> <!-- configuration-method after -->
              <div class="configuration-class after">
                <span class="method-name">saveAndCloseExcel</span>
                <span class="method-start">224814 ms</span>
              </div> <!-- configuration-class after -->
          </div> <!-- main-panel-content rounded-window-bottom -->
        </div> <!-- panel -->
      </div> <!-- main-panel-root -->
    </div> <!-- wrapper -->
  </body>
<script type="text/javascript" src="testng-reports2.js"></script>
</html>
