<?xml version="1.0" encoding="UTF-8"?>
<!-- Generated by org.testng.reporters.JUnitXMLReporter -->
<testsuite ignored="0" hostname="SS4EVA-0805" failures="0" tests="11" name="viewlistproduct" time="41.193" errors="0" timestamp="2020-12-07T22:57:08 ICT">
  <testcase classname="AbstractBOT" name="@BeforeMethod accessWebsite" time="13.232">
    <failure type="org.openqa.selenium.SessionNotCreatedException" message="session not created
from chrome not reachable
  (Session info: chrome=87.0.4280.88)
Build info: version: &amp;apos;3.141.59&amp;apos;, revision: &amp;apos;e82be7d358&amp;apos;, time: &amp;apos;2018-11-14T08:25:48&amp;apos;
System info: host: &amp;apos;SS4EVA-0805&amp;apos;, ip: &amp;apos;172.16.0.2&amp;apos;, os.name: &amp;apos;Windows 10&amp;apos;, os.arch: &amp;apos;amd64&amp;apos;, os.version: &amp;apos;10.0&amp;apos;, java.version: &amp;apos;15&amp;apos;
Driver info: driver.version: ChromeDriver
remote stacktrace: Backtrace:
	Ordinal0 [0x0120ECE3+3337443]
	Ordinal0 [0x010EF041+2158657]
	Ordinal0 [0x00F76E50+618064]
	Ordinal0 [0x00F6D114+577812]
	Ordinal0 [0x00F6D7DB+579547]
	Ordinal0 [0x00F6EA45+584261]
	Ordinal0 [0x00F69A71+563825]
	Ordinal0 [0x00F77FD0+622544]
	Ordinal0 [0x00F16B2D+224045]
	Ordinal0 [0x00F15BFC+220156]
	Ordinal0 [0x00F1181B+202779]
	Ordinal0 [0x00EF3D74+81268]
	Ordinal0 [0x00EF4D6E+85358]
	Ordinal0 [0x00EF4CF9+85241]
	Ordinal0 [0x01106F2C+2256684]
	GetHandleVerifier [0x01392FAC+1478332]
	GetHandleVerifier [0x01392AFD+1477133]
	GetHandleVerifier [0x0139AAD8+1509864]
	GetHandleVerifier [0x0139369E+1480110]
	Ordinal0 [0x010FD6BD+2217661]
	Ordinal0 [0x011089AB+2263467]
	Ordinal0 [0x01108AEF+2263791]
	Ordinal0 [0x0111D363+2347875]
	BaseThreadInitThunk [0x77A0FA29+25]
	RtlGetAppContainerNamedObjectPath [0x77C275F4+228]
	RtlGetAppContainerNamedObjectPath [0x77C275C4+180]
">
      <![CDATA[org.openqa.selenium.SessionNotCreatedException: session not created
from chrome not reachable
  (Session info: chrome=87.0.4280.88)
Build info: version: '3.141.59', revision: 'e82be7d358', time: '2018-11-14T08:25:48'
System info: host: 'SS4EVA-0805', ip: '172.16.0.2', os.name: 'Windows 10', os.arch: 'amd64', os.version: '10.0', java.version: '15'
Driver info: driver.version: ChromeDriver
remote stacktrace: Backtrace:
Ordinal0 [0x0120ECE3+3337443]
Ordinal0 [0x010EF041+2158657]
Ordinal0 [0x00F76E50+618064]
Ordinal0 [0x00F6D114+577812]
Ordinal0 [0x00F6D7DB+579547]
Ordinal0 [0x00F6EA45+584261]
Ordinal0 [0x00F69A71+563825]
Ordinal0 [0x00F77FD0+622544]
Ordinal0 [0x00F16B2D+224045]
Ordinal0 [0x00F15BFC+220156]
Ordinal0 [0x00F1181B+202779]
Ordinal0 [0x00EF3D74+81268]
Ordinal0 [0x00EF4D6E+85358]
Ordinal0 [0x00EF4CF9+85241]
Ordinal0 [0x01106F2C+2256684]
GetHandleVerifier [0x01392FAC+1478332]
GetHandleVerifier [0x01392AFD+1477133]
GetHandleVerifier [0x0139AAD8+1509864]
GetHandleVerifier [0x0139369E+1480110]
Ordinal0 [0x010FD6BD+2217661]
Ordinal0 [0x011089AB+2263467]
Ordinal0 [0x01108AEF+2263791]
Ordinal0 [0x0111D363+2347875]
BaseThreadInitThunk [0x77A0FA29+25]
RtlGetAppContainerNamedObjectPath [0x77C275F4+228]
RtlGetAppContainerNamedObjectPath [0x77C275C4+180]

at org.openqa.selenium.remote.W3CHandshakeResponse.lambda$errorHandler$0(W3CHandshakeResponse.java:62)
at org.openqa.selenium.remote.HandshakeResponse.lambda$getResponseFunction$0(HandshakeResponse.java:30)
at org.openqa.selenium.remote.ProtocolHandshake.lambda$createSession$0(ProtocolHandshake.java:126)
at java.base/java.util.stream.ReferencePipeline$3$1.accept(ReferencePipeline.java:195)
at java.base/java.util.Spliterators$ArraySpliterator.tryAdvance(Spliterators.java:958)
at java.base/java.util.stream.ReferencePipeline.forEachWithCancel(ReferencePipeline.java:127)
at java.base/java.util.stream.AbstractPipeline.copyIntoWithCancel(AbstractPipeline.java:502)
at java.base/java.util.stream.AbstractPipeline.copyInto(AbstractPipeline.java:488)
at java.base/java.util.stream.AbstractPipeline.wrapAndCopyInto(AbstractPipeline.java:474)
at java.base/java.util.stream.FindOps$FindOp.evaluateSequential(FindOps.java:150)
at java.base/java.util.stream.AbstractPipeline.evaluate(AbstractPipeline.java:234)
at java.base/java.util.stream.ReferencePipeline.findFirst(ReferencePipeline.java:543)
at org.openqa.selenium.remote.ProtocolHandshake.createSession(ProtocolHandshake.java:128)
at org.openqa.selenium.remote.ProtocolHandshake.createSession(ProtocolHandshake.java:74)
at org.openqa.selenium.remote.HttpCommandExecutor.execute(HttpCommandExecutor.java:136)
at org.openqa.selenium.remote.service.DriverCommandExecutor.execute(DriverCommandExecutor.java:83)
at org.openqa.selenium.remote.RemoteWebDriver.execute(RemoteWebDriver.java:552)
at org.openqa.selenium.remote.RemoteWebDriver.startSession(RemoteWebDriver.java:213)
at org.openqa.selenium.remote.RemoteWebDriver.<init>(RemoteWebDriver.java:131)
at org.openqa.selenium.chrome.ChromeDriver.<init>(ChromeDriver.java:181)
at org.openqa.selenium.chrome.ChromeDriver.<init>(ChromeDriver.java:168)
at org.openqa.selenium.chrome.ChromeDriver.<init>(ChromeDriver.java:123)
at AbstractBOT.accessWebsite(AbstractBOT.java:17)
at java.base/java.util.ArrayList.forEach(ArrayList.java:1511)
... Removed 36 stack frames]]>
    </failure>
  </testcase> <!-- @BeforeMethod accessWebsite -->
  <testcase classname="AbstractBOT" name="@AfterMethod closeBrowser" time="-1.607356615242E9">
    <skipped/>
  </testcase> <!-- @AfterMethod closeBrowser -->
  <testcase classname="AbstractBOT" name="@AfterMethod closeBrowser" time="0.089">
    <failure type="org.openqa.selenium.NoSuchSessionException" message="invalid session id
Build info: version: &amp;apos;3.141.59&amp;apos;, revision: &amp;apos;e82be7d358&amp;apos;, time: &amp;apos;2018-11-14T08:25:48&amp;apos;
System info: host: &amp;apos;SS4EVA-0805&amp;apos;, ip: &amp;apos;172.16.0.2&amp;apos;, os.name: &amp;apos;Windows 10&amp;apos;, os.arch: &amp;apos;amd64&amp;apos;, os.version: &amp;apos;10.0&amp;apos;, java.version: &amp;apos;15&amp;apos;
Driver info: org.openqa.selenium.chrome.ChromeDriver
Capabilities {acceptInsecureCerts: false, browserName: chrome, browserVersion: 87.0.4280.88, chrome: {chromedriverVersion: 87.0.4280.20 (c99e81631faa0..., userDataDir: C:\Users\Nhannnnn\AppData\L...}, goog:chromeOptions: {debuggerAddress: localhost:56957}, javascriptEnabled: true, networkConnectionEnabled: false, pageLoadStrategy: normal, platform: WINDOWS, platformName: WINDOWS, proxy: Proxy(), setWindowRect: true, strictFileInteractability: false, timeouts: {implicit: 0, pageLoad: 300000, script: 30000}, unhandledPromptBehavior: dismiss and notify, webauthn:virtualAuthenticators: true}
Session ID: b7a170395cb8bf7232c1f153f67231b0">
      <![CDATA[org.openqa.selenium.NoSuchSessionException: invalid session id
Build info: version: '3.141.59', revision: 'e82be7d358', time: '2018-11-14T08:25:48'
System info: host: 'SS4EVA-0805', ip: '172.16.0.2', os.name: 'Windows 10', os.arch: 'amd64', os.version: '10.0', java.version: '15'
Driver info: org.openqa.selenium.chrome.ChromeDriver
Capabilities {acceptInsecureCerts: false, browserName: chrome, browserVersion: 87.0.4280.88, chrome: {chromedriverVersion: 87.0.4280.20 (c99e81631faa0..., userDataDir: C:\Users\Nhannnnn\AppData\L...}, goog:chromeOptions: {debuggerAddress: localhost:56957}, javascriptEnabled: true, networkConnectionEnabled: false, pageLoadStrategy: normal, platform: WINDOWS, platformName: WINDOWS, proxy: Proxy(), setWindowRect: true, strictFileInteractability: false, timeouts: {implicit: 0, pageLoad: 300000, script: 30000}, unhandledPromptBehavior: dismiss and notify, webauthn:virtualAuthenticators: true}
Session ID: b7a170395cb8bf7232c1f153f67231b0
at org.openqa.selenium.remote.http.W3CHttpResponseCodec.createException(W3CHttpResponseCodec.java:187)
at org.openqa.selenium.remote.http.W3CHttpResponseCodec.decode(W3CHttpResponseCodec.java:122)
at org.openqa.selenium.remote.http.W3CHttpResponseCodec.decode(W3CHttpResponseCodec.java:49)
at org.openqa.selenium.remote.HttpCommandExecutor.execute(HttpCommandExecutor.java:158)
at org.openqa.selenium.remote.service.DriverCommandExecutor.execute(DriverCommandExecutor.java:83)
at org.openqa.selenium.remote.RemoteWebDriver.execute(RemoteWebDriver.java:552)
at org.openqa.selenium.remote.RemoteWebDriver.execute(RemoteWebDriver.java:609)
at org.openqa.selenium.remote.RemoteWebDriver.close(RemoteWebDriver.java:442)
at AbstractBOT.closeBrowser(AbstractBOT.java:24)
at java.base/java.util.ArrayList.forEach(ArrayList.java:1511)
... Removed 37 stack frames]]>
    </failure>
  </testcase> <!-- @AfterMethod closeBrowser -->
  <testcase classname="AbstractBOT" name="@BeforeMethod accessWebsite" time="-1.607356628349E9">
    <skipped/>
  </testcase> <!-- @BeforeMethod accessWebsite -->
  <testcase classname="AbstractBOT" name="@AfterMethod closeBrowser" time="-1.607356628351E9">
    <skipped/>
  </testcase> <!-- @AfterMethod closeBrowser -->
  <testcase classname="AbstractBOT" name="@BeforeMethod accessWebsite" time="-1.607356628352E9">
    <skipped/>
  </testcase> <!-- @BeforeMethod accessWebsite -->
  <testcase classname="AbstractBOT" name="@AfterMethod closeBrowser" time="-1.607356628353E9">
    <skipped/>
  </testcase> <!-- @AfterMethod closeBrowser -->
  <testcase classname="AbstractBOT" name="@BeforeMethod accessWebsite" time="-1.607356628354E9">
    <skipped/>
  </testcase> <!-- @BeforeMethod accessWebsite -->
  <testcase classname="AbstractBOT" name="@AfterMethod closeBrowser" time="-1.607356628357E9">
    <skipped/>
  </testcase> <!-- @AfterMethod closeBrowser -->
  <testcase classname="AbstractBOT" name="@BeforeMethod accessWebsite" time="-1.607356628359E9">
    <skipped/>
  </testcase> <!-- @BeforeMethod accessWebsite -->
  <testcase classname="AbstractBOT" name="@AfterMethod closeBrowser" time="-1.607356628362E9">
    <skipped/>
  </testcase> <!-- @AfterMethod closeBrowser -->
  <testcase classname="AbstractBOT" name="@BeforeMethod accessWebsite" time="-1.607356628363E9">
    <skipped/>
  </testcase> <!-- @BeforeMethod accessWebsite -->
  <testcase classname="AbstractBOT" name="@AfterMethod closeBrowser" time="-1.607356628366E9">
    <skipped/>
  </testcase> <!-- @AfterMethod closeBrowser -->
  <testcase classname="AbstractBOT" name="@BeforeMethod accessWebsite" time="-1.607356628367E9">
    <skipped/>
  </testcase> <!-- @BeforeMethod accessWebsite -->
  <testcase classname="AbstractBOT" name="@AfterMethod closeBrowser" time="-1.607356628369E9">
    <skipped/>
  </testcase> <!-- @AfterMethod closeBrowser -->
  <testcase classname="AbstractBOT" name="@BeforeMethod accessWebsite" time="-1.60735662837E9">
    <skipped/>
  </testcase> <!-- @BeforeMethod accessWebsite -->
  <testcase classname="AbstractBOT" name="@AfterMethod closeBrowser" time="-1.607356628373E9">
    <skipped/>
  </testcase> <!-- @AfterMethod closeBrowser -->
  <testcase classname="AbstractBOT" name="@BeforeMethod accessWebsite" time="-1.607356628374E9">
    <skipped/>
  </testcase> <!-- @BeforeMethod accessWebsite -->
  <testcase classname="AbstractBOT" name="@AfterMethod closeBrowser" time="-1.607356628377E9">
    <skipped/>
  </testcase> <!-- @AfterMethod closeBrowser -->
  <testcase classname="ViewListProducts" name="ShowAllProduct" time="2.605"/>
  <testcase classname="ViewListProducts" name="ShowAllProductOfBrand" time="0.0">
    <skipped/>
  </testcase> <!-- ShowAllProductOfBrand -->
  <testcase classname="Contact" name="BotrongtruongHvT" time="1.792"/>
  <testcase classname="Contact" name="Chuachongioitinh" time="0.0">
    <skipped/>
  </testcase> <!-- Chuachongioitinh -->
  <testcase classname="Contact" name="Lienhethanhcong" time="0.0">
    <skipped/>
  </testcase> <!-- Lienhethanhcong -->
  <testcase classname="Contact" name="NhapEmailkhonghople" time="0.0">
    <skipped/>
  </testcase> <!-- NhapEmailkhonghople -->
  <testcase classname="Contact" name="NhapchuhoavaotruognEmail" time="0.0">
    <skipped/>
  </testcase> <!-- NhapchuhoavaotruognEmail -->
  <testcase classname="Contact" name="NhapkytudacbiettruongSDT" time="0.0">
    <skipped/>
  </testcase> <!-- NhapkytudacbiettruongSDT -->
  <testcase classname="Contact" name="NhapkytudacbietvaotruongEmail" time="0.0">
    <skipped/>
  </testcase> <!-- NhapkytudacbietvaotruongEmail -->
  <testcase classname="Contact" name="SDTkhonghople" time="0.0">
    <skipped/>
  </testcase> <!-- SDTkhonghople -->
  <testcase classname="Contact" name="SaiTruongSDT" time="0.0">
    <skipped/>
  </testcase> <!-- SaiTruongSDT -->
</testsuite> <!-- viewlistproduct -->
